<?xml version="1.0" encoding="UTF-8"?>
<testng-results ignored="0" total="3" passed="3" failed="0" skipped="0">
  <reporter-output>
  </reporter-output>
  <suite started-at="2024-08-31T20:36:48 IST" name="Suite" finished-at="2024-08-31T20:37:54 IST" duration-ms="65944">
    <groups>
    </groups>
    <test started-at="2024-08-31T20:36:48 IST" name="Test1" finished-at="2024-08-31T20:37:08 IST" duration-ms="19813">
      <class name="tc_Repository.Assignment1">
        <test-method is-config="true" signature="launchBrowser(java.lang.String)[pri:0, instance:tc_Repository.Assignment1@5032714f]" started-at="2024-08-31T20:36:48 IST" name="launchBrowser" finished-at="2024-08-31T20:36:52 IST" duration-ms="3393" status="PASS">
          <params>
            <param index="0">
              <value>
                <![CDATA[chrome]]>
              </value>
            </param>
          </params>
          <reporter-output>
          </reporter-output>
        </test-method> <!-- launchBrowser -->
        <test-method signature="ass1()[pri:0, instance:tc_Repository.Assignment1@5032714f]" started-at="2024-08-31T20:36:52 IST" name="ass1" finished-at="2024-08-31T20:37:08 IST" duration-ms="15998" status="PASS">
          <reporter-output>
          </reporter-output>
        </test-method> <!-- ass1 -->
        <test-method is-config="true" signature="closeBrowser()[pri:0, instance:tc_Repository.Assignment1@5032714f]" started-at="2024-08-31T20:37:08 IST" name="closeBrowser" finished-at="2024-08-31T20:37:08 IST" duration-ms="388" status="PASS">
          <reporter-output>
          </reporter-output>
        </test-method> <!-- closeBrowser -->
      </class> <!-- tc_Repository.Assignment1 -->
    </test> <!-- Test1 -->
    <test started-at="2024-08-31T20:37:08 IST" name="Test2" finished-at="2024-08-31T20:37:33 IST" duration-ms="25350">
      <class name="tc_Repository.Assignment1">
        <test-method is-config="true" signature="launchBrowser(java.lang.String)[pri:0, instance:tc_Repository.Assignment1@70cf32e3]" started-at="2024-08-31T20:37:08 IST" name="launchBrowser" finished-at="2024-08-31T20:37:13 IST" duration-ms="4544" status="PASS">
          <params>
            <param index="0">
              <value>
                <![CDATA[firefox]]>
              </value>
            </param>
          </params>
          <reporter-output>
          </reporter-output>
        </test-method> <!-- launchBrowser -->
        <test-method signature="ass1()[pri:0, instance:tc_Repository.Assignment1@70cf32e3]" started-at="2024-08-31T20:37:13 IST" name="ass1" finished-at="2024-08-31T20:37:32 IST" duration-ms="19780" status="PASS">
          <reporter-output>
          </reporter-output>
        </test-method> <!-- ass1 -->
        <test-method is-config="true" signature="closeBrowser()[pri:0, instance:tc_Repository.Assignment1@70cf32e3]" started-at="2024-08-31T20:37:32 IST" name="closeBrowser" finished-at="2024-08-31T20:37:33 IST" duration-ms="1023" status="PASS">
          <reporter-output>
          </reporter-output>
        </test-method> <!-- closeBrowser -->
      </class> <!-- tc_Repository.Assignment1 -->
    </test> <!-- Test2 -->
    <test started-at="2024-08-31T20:37:33 IST" name="Test3" finished-at="2024-08-31T20:37:54 IST" duration-ms="20732">
      <class name="tc_Repository.Assignment1">
        <test-method is-config="true" signature="createConnection()[pri:0, instance:tc_Repository.Assignment1@4bdeaabb]" started-at="2024-08-31T20:36:48 IST" name="createConnection" finished-at="2024-08-31T20:36:48 IST" duration-ms="11" status="PASS">
          <reporter-output>
          </reporter-output>
        </test-method> <!-- createConnection -->
        <test-method is-config="true" signature="launchBrowser(java.lang.String)[pri:0, instance:tc_Repository.Assignment1@4bdeaabb]" started-at="2024-08-31T20:37:33 IST" name="launchBrowser" finished-at="2024-08-31T20:37:37 IST" duration-ms="3206" status="PASS">
          <params>
            <param index="0">
              <value>
                <![CDATA[edge]]>
              </value>
            </param>
          </params>
          <reporter-output>
          </reporter-output>
        </test-method> <!-- launchBrowser -->
        <test-method signature="ass1()[pri:0, instance:tc_Repository.Assignment1@4bdeaabb]" started-at="2024-08-31T20:37:37 IST" name="ass1" finished-at="2024-08-31T20:37:54 IST" duration-ms="17072" status="PASS">
          <reporter-output>
          </reporter-output>
        </test-method> <!-- ass1 -->
        <test-method is-config="true" signature="closeBrowser()[pri:0, instance:tc_Repository.Assignment1@4bdeaabb]" started-at="2024-08-31T20:37:54 IST" name="closeBrowser" finished-at="2024-08-31T20:37:54 IST" duration-ms="437" status="PASS">
          <reporter-output>
          </reporter-output>
        </test-method> <!-- closeBrowser -->
        <test-method is-config="true" signature="closeConnection()[pri:0, instance:tc_Repository.Assignment1@4bdeaabb]" started-at="2024-08-31T20:37:54 IST" name="closeConnection" finished-at="2024-08-31T20:37:54 IST" duration-ms="0" status="PASS">
          <reporter-output>
          </reporter-output>
        </test-method> <!-- closeConnection -->
      </class> <!-- tc_Repository.Assignment1 -->
    </test> <!-- Test3 -->
  </suite> <!-- Suite -->
</testng-results>
