<?xml version="1.0" encoding="UTF-8"?>
<testng-results ignored="0" total="1" passed="1" failed="0" skipped="0">
  <reporter-output>
  </reporter-output>
  <suite started-at="2024-08-31T20:38:23 IST" name="Default suite" finished-at="2024-08-31T20:38:44 IST" duration-ms="20958">
    <groups>
    </groups>
    <test started-at="2024-08-31T20:38:23 IST" name="Default test" finished-at="2024-08-31T20:38:44 IST" duration-ms="20958">
      <class name="tc_Repositary.Assignment">
        <test-method is-config="true" signature="createConnection()[pri:0, instance:tc_Repositary.Assignment@5032714f]" started-at="2024-08-31T20:38:23 IST" name="createConnection" finished-at="2024-08-31T20:38:23 IST" duration-ms="14" status="PASS">
          <reporter-output>
          </reporter-output>
        </test-method> <!-- createConnection -->
        <test-method is-config="true" signature="launchBrowser()[pri:0, instance:tc_Repositary.Assignment@5032714f]" started-at="2024-08-31T20:38:23 IST" name="launchBrowser" finished-at="2024-08-31T20:38:26 IST" duration-ms="3211" status="PASS">
          <reporter-output>
          </reporter-output>
        </test-method> <!-- launchBrowser -->
        <test-method is-config="true" signature="login()[pri:0, instance:tc_Repositary.Assignment@5032714f]" started-at="2024-08-31T20:38:26 IST" name="login" finished-at="2024-08-31T20:38:26 IST" duration-ms="463" status="PASS">
          <reporter-output>
          </reporter-output>
        </test-method> <!-- login -->
        <test-method signature="ass()[pri:0, instance:tc_Repositary.Assignment@5032714f]" started-at="2024-08-31T20:38:26 IST" name="ass" finished-at="2024-08-31T20:38:40 IST" duration-ms="13949" status="PASS">
          <reporter-output>
          </reporter-output>
        </test-method> <!-- ass -->
        <test-method is-config="true" signature="logout()[pri:0, instance:tc_Repositary.Assignment@5032714f]" started-at="2024-08-31T20:38:40 IST" name="logout" finished-at="2024-08-31T20:38:43 IST" duration-ms="2945" status="PASS">
          <reporter-output>
          </reporter-output>
        </test-method> <!-- logout -->
        <test-method is-config="true" signature="closeBrowser()[pri:0, instance:tc_Repositary.Assignment@5032714f]" started-at="2024-08-31T20:38:43 IST" name="closeBrowser" finished-at="2024-08-31T20:38:44 IST" duration-ms="366" status="PASS">
          <reporter-output>
          </reporter-output>
        </test-method> <!-- closeBrowser -->
        <test-method is-config="true" signature="closeConnection()[pri:0, instance:tc_Repositary.Assignment@5032714f]" started-at="2024-08-31T20:38:44 IST" name="closeConnection" finished-at="2024-08-31T20:38:44 IST" duration-ms="0" status="PASS">
          <reporter-output>
          </reporter-output>
        </test-method> <!-- closeConnection -->
      </class> <!-- tc_Repositary.Assignment -->
    </test> <!-- Default test -->
  </suite> <!-- Default suite -->
</testng-results>
